SF:lib/features/line_stock/presentation/bloc/line_stock_bloc.dart
DA:12,4
DA:13,4
DA:14,4
DA:15,4
DA:16,4
DA:17,4
DA:18,4
DA:19,4
DA:20,4
DA:21,4
DA:22,4
DA:25,2
DA:29,2
DA:31,4
DA:32,2
DA:33,2
DA:36,2
DA:37,8
DA:38,6
DA:42,2
DA:46,2
DA:49,2
DA:53,4
DA:54,2
DA:60,1
DA:64,1
DA:67,1
DA:71,1
DA:73,1
DA:74,1
DA:82,6
DA:83,2
DA:84,2
DA:88,1
DA:89,0
DA:93,1
DA:96,3
DA:98,1
DA:99,1
DA:100,2
DA:101,2
DA:105,1
DA:106,0
DA:107,0
DA:111,1
DA:112,1
DA:113,3
DA:115,2
DA:116,1
DA:118,2
DA:124,1
DA:128,1
DA:130,1
DA:135,7
DA:137,2
DA:138,1
DA:140,2
DA:144,1
DA:148,1
DA:150,1
DA:154,2
DA:155,1
DA:161,1
DA:165,1
DA:167,2
DA:168,1
DA:169,1
DA:172,1
DA:173,4
DA:174,1
DA:176,2
DA:178,1
DA:179,2
DA:182,1
DA:188,1
DA:192,1
DA:195,1
DA:199,1
LF:78
LH:75
end_of_record
SF:lib/features/line_stock/presentation/bloc/line_stock_event.dart
DA:5,2
DA:7,0
DA:8,0
DA:18,2
DA:23,0
DA:24,0
DA:29,2
DA:38,2
DA:40,0
DA:41,0
DA:46,1
DA:53,1
DA:55,0
DA:56,0
DA:63,1
DA:65,0
DA:66,0
DA:71,1
DA:79,1
DA:84,0
DA:85,0
DA:90,1
DA:97,1
LF:23
LH:11
end_of_record
SF:lib/features/line_stock/presentation/bloc/line_stock_state.dart
DA:7,6
DA:9,2
DA:10,2
DA:16,4
DA:24,4
DA:26,2
DA:27,4
DA:36,3
DA:38,2
DA:39,4
DA:50,4
DA:56,2
DA:57,8
DA:59,1
DA:60,3
DA:61,3
DA:62,3
DA:64,1
DA:69,1
DA:70,0
DA:71,1
DA:72,0
DA:83,2
DA:89,1
DA:90,4
DA:92,4
DA:102,6
DA:108,2
DA:109,8
LF:29
LH:27
end_of_record
SF:lib/features/line_stock/data/repositories/line_stock_repository_impl.dart
DA:12,2
DA:14,2
DA:20,4
DA:24,4
DA:25,2
DA:26,6
DA:27,2
DA:28,6
DA:30,3
DA:34,1
DA:40,2
DA:44,1
DA:45,1
DA:46,3
DA:47,1
DA:48,3
DA:50,3
LF:17
LH:17
end_of_record
SF:lib/features/line_stock/data/datasources/line_stock_remote_datasource.dart
DA:27,1
DA:29,1
DA:35,2
DA:37,1
DA:38,1
DA:39,1
DA:43,1
DA:44,1
DA:45,2
DA:48,2
DA:49,1
DA:51,2
DA:53,1
DA:55,1
DA:57,1
DA:58,1
DA:60,2
DA:64,1
DA:70,1
DA:75,2
DA:77,1
DA:80,1
DA:81,1
DA:82,1
DA:85,1
DA:86,1
DA:88,2
DA:90,1
DA:92,1
DA:94,1
DA:95,1
DA:97,2
DA:102,1
DA:103,2
DA:104,2
DA:105,1
DA:106,2
DA:107,3
DA:108,1
DA:110,1
LF:40
LH:40
end_of_record
SF:lib/features/line_stock/domain/entities/line_stock_entity.dart
DA:15,5
DA:26,2
DA:27,2
DA:28,2
DA:29,2
DA:30,2
DA:31,2
DA:32,2
DA:33,2
DA:34,2
DA:35,2
DA:39,0
DA:41,0
DA:43,4
DA:46,0
DA:56,0
DA:57,0
DA:58,0
DA:59,0
DA:60,0
DA:61,0
DA:62,0
DA:63,0
DA:64,0
LF:24
LH:12
end_of_record
SF:lib/features/line_stock/data/models/line_stock_model.dart
DA:15,5
DA:26,2
DA:27,2
DA:28,2
DA:29,2
DA:30,2
DA:31,4
DA:32,2
DA:33,2
DA:34,2
DA:35,2
DA:39,1
DA:40,1
DA:41,1
DA:42,1
DA:43,1
DA:44,1
DA:45,1
DA:46,1
DA:47,1
DA:48,1
DA:53,3
DA:54,3
DA:55,3
DA:56,3
DA:57,3
DA:58,3
DA:59,3
DA:60,3
DA:61,3
DA:62,3
LF:31
LH:31
end_of_record
SF:lib/core/error/exceptions.dart
DA:4,3
DA:6,0
DA:7,0
DA:12,3
DA:17,3
DA:22,0
DA:27,0
LF:7
LH:3
end_of_record
SF:lib/features/line_stock/domain/entities/cable_item.dart
DA:12,2
DA:19,1
DA:20,1
DA:21,1
DA:22,1
DA:23,1
DA:24,1
DA:28,1
DA:29,1
DA:30,1
DA:31,1
DA:32,1
DA:33,1
DA:37,4
DA:39,0
DA:45,0
DA:46,0
DA:47,0
DA:48,0
DA:49,0
LF:20
LH:14
end_of_record
SF:lib/features/line_stock/presentation/widgets/cable_list_item.dart
DA:22,1
DA:29,1
DA:31,1
DA:32,1
DA:34,1
DA:37,1
DA:39,1
DA:40,1
DA:42,1
DA:45,1
DA:46,1
DA:49,1
DA:50,1
DA:51,3
DA:52,1
DA:53,1
DA:63,1
DA:64,1
DA:66,1
DA:68,1
DA:69,2
DA:70,3
DA:79,1
DA:80,2
DA:81,3
DA:83,1
DA:91,1
DA:92,1
DA:93,1
DA:96,1
DA:99,1
DA:100,3
DA:101,3
DA:103,1
DA:114,1
DA:118,1
DA:120,1
DA:121,1
LF:38
LH:38
end_of_record
SF:lib/core/error/failures.dart
DA:7,3
DA:9,0
DA:10,0
DA:12,0
DA:13,0
DA:18,3
DA:23,3
DA:28,0
DA:33,0
LF:9
LH:3
end_of_record
SF:lib/features/line_stock/data/models/api_response_model.dart
DA:8,3
DA:14,2
DA:18,2
DA:19,2
DA:20,2
DA:21,6
DA:25,1
DA:26,1
DA:27,1
DA:28,1
DA:29,3
LF:11
LH:11
end_of_record
SF:lib/features/line_stock/data/models/transfer_request_model.dart
DA:7,3
DA:12,2
DA:13,2
DA:14,2
DA:15,2
DA:19,1
DA:20,1
DA:21,1
DA:22,2
LF:9
LH:9
end_of_record
SF:lib/features/line_stock/presentation/widgets/shelving_summary.dart
DA:16,1
DA:22,1
DA:24,1
DA:25,1
DA:27,3
DA:28,2
DA:31,1
DA:35,2
DA:36,1
DA:37,1
DA:39,1
DA:41,1
DA:43,1
DA:44,1
DA:45,1
DA:48,2
DA:51,1
DA:53,3
DA:55,1
DA:63,1
DA:67,1
DA:73,1
DA:77,2
DA:82,1
DA:84,1
DA:86,1
DA:87,2
DA:88,1
DA:89,1
DA:90,2
DA:94,1
DA:95,1
DA:96,1
DA:99,1
DA:102,1
DA:103,1
DA:107,3
DA:108,1
DA:123,1
DA:130,1
DA:131,1
DA:133,1
DA:134,1
DA:135,1
DA:138,2
DA:141,1
DA:143,1
DA:145,3
DA:146,1
DA:152,1
DA:153,1
DA:155,3
DA:158,2
LF:53
LH:53
end_of_record
SF:lib/features/line_stock/presentation/widgets/loading_overlay.dart
DA:15,2
DA:22,1
DA:24,1
DA:25,1
DA:26,1
DA:27,1
DA:28,1
DA:29,1
DA:30,1
DA:31,1
DA:33,1
DA:34,1
DA:36,1
DA:38,1
DA:40,1
DA:44,2
DA:46,1
DA:47,1
LF:18
LH:18
end_of_record
SF:lib/features/line_stock/presentation/widgets/stock_info_card.dart
DA:15,1
DA:21,1
DA:23,1
DA:24,1
DA:26,1
DA:29,1
DA:30,1
DA:31,1
DA:32,1
DA:34,1
DA:36,1
DA:38,1
DA:39,1
DA:40,1
DA:43,1
DA:46,1
DA:48,3
DA:50,1
DA:56,1
DA:59,2
DA:67,1
DA:70,2
DA:76,1
DA:77,1
DA:78,1
DA:81,1
DA:84,1
DA:86,3
DA:88,1
DA:94,1
DA:97,2
DA:98,1
DA:101,1
DA:105,1
DA:108,2
DA:115,1
DA:118,2
DA:119,1
DA:122,1
DA:132,1
DA:138,1
DA:140,1
DA:142,1
DA:143,1
DA:145,1
DA:147,3
DA:148,2
DA:154,1
DA:155,1
DA:158,3
DA:160,2
LF:51
LH:51
end_of_record
SF:lib/features/line_stock/presentation/widgets/error_dialog.dart
DA:14,2
DA:22,1
DA:28,1
DA:31,2
DA:39,1
DA:41,1
DA:42,1
DA:43,1
DA:46,1
DA:48,1
DA:50,1
DA:53,1
DA:54,1
DA:57,1
DA:60,1
DA:76,1
DA:77,1
DA:87,1
DA:88,1
DA:90,1
DA:91,1
DA:92,3
DA:93,1
DA:104,3
DA:106,1
DA:107,1
DA:108,1
DA:109,2
DA:110,2
DA:112,1
LF:30
LH:30
end_of_record
SF:lib/features/line_stock/presentation/widgets/barcode_input_field.dart
DA:34,1
DA:45,1
DA:46,1
DA:54,1
DA:56,1
DA:57,4
DA:58,3
DA:61,1
DA:63,2
DA:64,3
DA:66,2
DA:67,2
DA:69,1
DA:72,1
DA:74,1
DA:75,2
DA:78,1
DA:80,3
DA:81,1
DA:84,2
DA:87,3
DA:88,2
DA:89,1
DA:94,1
DA:95,2
DA:97,2
DA:98,1
DA:102,3
DA:105,2
DA:108,2
DA:109,1
DA:110,2
DA:111,1
DA:117,1
DA:119,1
DA:120,1
DA:121,3
DA:122,2
DA:125,1
DA:126,2
DA:128,2
DA:130,1
DA:131,2
DA:134,3
DA:135,1
DA:137,1
DA:139,1
DA:140,2
DA:144,1
DA:145,1
DA:148,1
DA:149,1
DA:150,1
DA:151,3
DA:160,1
DA:161,1
DA:162,2
DA:163,1
LF:58
LH:58
end_of_record
SF:lib/features/line_stock/presentation/widgets/success_dialog.dart
DA:18,2
DA:27,1
DA:34,1
DA:37,2
DA:46,1
DA:47,1
DA:53,1
DA:55,1
DA:57,5
DA:58,1
DA:59,3
DA:60,3
DA:65,1
DA:67,2
DA:68,1
DA:71,1
DA:73,1
DA:74,1
DA:75,1
DA:78,1
DA:80,1
DA:82,1
DA:84,1
DA:85,1
DA:86,1
DA:88,1
DA:91,1
DA:92,1
DA:95,1
DA:98,1
DA:118,1
DA:119,2
DA:128,6
DA:130,1
DA:132,1
DA:133,1
DA:134,1
DA:136,1
DA:137,5
DA:138,1
DA:140,1
DA:142,1
DA:143,1
DA:144,1
DA:150,1
DA:151,1
DA:161,1
DA:166,1
DA:169,1
DA:170,1
DA:171,2
DA:172,2
DA:173,3
LF:53
LH:53
end_of_record
